********************************************************************************
DUPLICATOR-LITE PACKAGE-LOG: 5 May 2020 9 h 59 min
NOTICE: Do NOT post to public sites or forums 
********************************************************************************
VERSION:	1.3.30
WORDPRESS:	5.4
PHP INFO:	7.3.12 | SAPI: apache2handler
SERVER:		Apache/2.4.41 (Win64) PHP/7.3.12 
PHP TIME LIMIT: (0) no time limit imposed 
PHP MAX MEMORY: 4294967296 (256M default) 
MEMORY STACK: 2MB

********************************************************************************
DATABASE:
********************************************************************************
BUILD MODE:   PHP(query limit - 100)
MYSQLTIMEOUT: 5000
MYSQLDUMP:    Not Supported
TABLES: total:18 | filtered:0 | create:18
FILTERED: []
SQL CREATED: forVessylia_alanimmobilier_3164d5d639b49eca7008_20200505095902_database.sql
SQL FILE SIZE: 2.57MB (2694095)
SQL FILE TIME: 2020-05-05 09:59:09
SQL RUNTIME: 0.76 sec.

********************************************************************************
ARCHIVE (ZIP):
********************************************************************************
ARCHIVE DIR:  C:/Users/alan/Documents/projets/wordpressV2
ARCHIVE FILE: forVessylia_alanimmobilier_3164d5d639b49eca7008_20200505095902_archive.zip
FILTERS: *OFF*
DIRS:
	not set
FILES:
	not set
EXTS:  not set
----------------------------------------
COMPRESSING
SIZE:	142.91MB
STATS:	Dirs 981 | Files 5,250
SQL ADDED: forVessylia_alanimmobilier_3164d5d639b49eca7008_20200505095902_database.sql
ZipArchive Object
(
    [status] => 0
    [statusSys] => 0
    [numFiles] => 6231
    [filename] => C:\Users\alan\Documents\projets\wordpressV2\wp-snapshots\tmp\forVessylia_alanimmobilier_3164d5d639b49eca7008_20200505095902_archive.zip
    [comment] => 
)

FILE ADDED TO ZIP: 6230
COMPRESSION RESULT: '1'
COMPRESSED SIZE: 65.42MB
ARCHIVE RUNTIME: 114.17 sec.
MEMORY STACK: 6MB
building installer
add_extra_files1
add_extra_files2
add_extra_files3
add_extra_files4
Doing archive file check
add_extra_files5
add_extra_files6
add_extra_files8
Successfully opened zip C:/Users/alan/Documents/projets/wordpressV2/wp-snapshots/tmp/forVessylia_alanimmobilier_3164d5d639b49eca7008_20200505095902_archive.zip
Adding enhanced installer files to archive using ZipArchive
Installer files added to archive
Added to archive
After ziparchive close when adding installer

********************************************************************************
INTEGRITY CHECKS:
********************************************************************************
SQL FILE: 2.57MB
INSTALLER FILE: 61.33KB
ARCHIVE FILE: 66.76MB 
EXPECTED FILE/DIRECTORY COUNT: 6,231
ACTUAL FILE/DIRECTORY COUNT: 6,230
ARCHIVE CONSISTENCY TEST: Pass

********************************************************************************
RECORD ID:[1]
TOTAL PROCESS RUNTIME: 115.94 sec.
PEAK PHP MEMORY USED: 8MB
DONE PROCESSING => forVessylia_alanimmobilier 5 May 2020 10 h 01 min

