********************************************************************************
DUPLICATOR-LITE PACKAGE-LOG: 5 May 2020 12 h 20 min
NOTICE: Do NOT post to public sites or forums 
********************************************************************************
VERSION:	1.3.30
WORDPRESS:	5.4.1
PHP INFO:	7.3.12 | SAPI: apache2handler
SERVER:		Apache/2.4.41 (Win64) PHP/7.3.12 
PHP TIME LIMIT: (0) no time limit imposed 
PHP MAX MEMORY: 4294967296 (256M default) 
MEMORY STACK: 2MB

********************************************************************************
DATABASE:
********************************************************************************
BUILD MODE:   PHP(query limit - 100)
MYSQLTIMEOUT: 5000
MYSQLDUMP:    Not Supported
TABLES: total:13 | filtered:0 | create:13
FILTERED: []
SQL CREATED: BackUp_AromaWeb_4c79d55182fb77f54326_20200505121946_database.sql
SQL FILE SIZE: 779KB (797701)
SQL FILE TIME: 2020-05-05 12:20:32
SQL RUNTIME: 0.66 sec.

********************************************************************************
ARCHIVE (ZIP):
********************************************************************************
ARCHIVE DIR:  C:/Users/vessi/OneDrive/Documents/dwwmVessilya/Site aroma/wordpress
ARCHIVE FILE: BackUp_AromaWeb_4c79d55182fb77f54326_20200505121946_archive.zip
FILTERS: *OFF*
DIRS:
	not set
FILES:
	not set
EXTS:  not set
----------------------------------------
COMPRESSING
SIZE:	94.97MB
STATS:	Dirs 513 | Files 4,226
SQL ADDED: BackUp_AromaWeb_4c79d55182fb77f54326_20200505121946_database.sql
ZipArchive Object
(
    [status] => 0
    [statusSys] => 0
    [numFiles] => 4739
    [filename] => C:\Users\vessi\OneDrive\Documents\dwwmVessilya\Site aroma\wordpress\wp-snapshots\tmp\BackUp_AromaWeb_4c79d55182fb77f54326_20200505121946_archive.zip
    [comment] => 
)

FILE ADDED TO ZIP: 4738
COMPRESSION RESULT: '1'
COMPRESSED SIZE: 38.52MB
ARCHIVE RUNTIME: 47.21 sec.
MEMORY STACK: 6MB
building installer
add_extra_files1
add_extra_files2
add_extra_files3
add_extra_files4
Doing archive file check
add_extra_files5
add_extra_files6
add_extra_files8
Successfully opened zip C:/Users/vessi/OneDrive/Documents/dwwmVessilya/Site aroma/wordpress/wp-snapshots/tmp/BackUp_AromaWeb_4c79d55182fb77f54326_20200505121946_archive.zip
Adding enhanced installer files to archive using ZipArchive
Installer files added to archive
Added to archive
After ziparchive close when adding installer

********************************************************************************
INTEGRITY CHECKS:
********************************************************************************
SQL FILE: 779KB
INSTALLER FILE: 61.32KB
ARCHIVE FILE: 39.85MB 
EXPECTED FILE/DIRECTORY COUNT: 4,739
ACTUAL FILE/DIRECTORY COUNT: 4,738
ARCHIVE CONSISTENCY TEST: Pass

********************************************************************************
RECORD ID:[1]
TOTAL PROCESS RUNTIME: 48.77 sec.
PEAK PHP MEMORY USED: 6MB
DONE PROCESSING => BackUp_AromaWeb 5 May 2020 12 h 21 min

